# JRE version: OpenJDK Runtime Environment (21.0.8+9) (build 21.0.8+9-Ubuntu-0ubuntu124.04.1)
# Java VM: OpenJDK 64-Bit Server VM (21.0.8+9-Ubuntu-0ubuntu124.04.1, mixed mode, emulated-client, sharing, tiered, compressed oops, compressed class ptrs, g1 gc, linux-amd64)
GC Precious Log:
 CardTable entry size: 512
 Card Set container configuration: InlinePtr #cards 4 size 8 Array Of Cards #cards 16 size 48 Howl #buckets 8 coarsen threshold 3686 Howl Bitmap #cards 512 size 80 coarsen threshold 460 Card regions per heap region 1 cards per card region 4096
 CPUs: 16 total, 16 available
 Memory: 15244M
 Large Page Support: Disabled
 NUMA Support: Disabled
 Compressed Oops: Enabled (Zero based)
 Heap Region Size: 2M
 Heap Min Capacity: 8M
 Heap Initial Capacity: 240M
 Heap Max Capacity: 3812M
 Pre-touch: Disabled
 Parallel Workers: 13
 Concurrent Workers: 3
 Concurrent Refinement Workers: 13
 Periodic GC: Disabled
Heap:
 garbage-first heap   total 69632K, used 37298K [0x0000000711c00000, 0x0000000800000000)
  region size 2048K, 12 young (24576K), 0 survivors (0K)
 Metaspace       used 39766K, committed 40704K, reserved 1114112K
  class space    used 5470K, committed 5824K, reserved 1048576K
GC Heap History (20 events):
Event: 0,895 GC heap before
{Heap before GC invocations=1 (full 0):
 garbage-first heap   total 247808K, used 49114K [0x0000000711c00000, 0x0000000800000000)
  region size 2048K, 24 young (49152K), 2 survivors (4096K)
 Metaspace       used 12042K, committed 12352K, reserved 1114112K
  class space    used 1496K, committed 1664K, reserved 1048576K
}
Event: 0,904 GC heap after
{Heap after GC invocations=2 (full 0):
 garbage-first heap   total 247808K, used 7828K [0x0000000711c00000, 0x0000000800000000)
  region size 2048K, 1 young (2048K), 1 survivors (2048K)
 Metaspace       used 12042K, committed 12352K, reserved 1114112K
  class space    used 1496K, committed 1664K, reserved 1048576K
}
Event: 1,288 GC heap before
{Heap before GC invocations=2 (full 0):
 garbage-first heap   total 247808K, used 93844K [0x0000000711c00000, 0x0000000800000000)
  region size 2048K, 45 young (92160K), 1 survivors (2048K)
 Metaspace       used 20161K, committed 20544K, reserved 1114112K
  class space    used 2754K, committed 2944K, reserved 1048576K
}
Event: 1,293 GC heap after
{Heap after GC invocations=3 (full 0):
 garbage-first heap   total 247808K, used 10803K [0x0000000711c00000, 0x0000000800000000)
  region size 2048K, 3 young (6144K), 3 survivors (6144K)
 Metaspace       used 20161K, committed 20544K, reserved 1114112K
  class space    used 2754K, committed 2944K, reserved 1048576K
}
Event: 1,385 GC heap before
{Heap before GC invocations=4 (full 0):
 garbage-first heap   total 49152K, used 45619K [0x0000000711c00000, 0x0000000800000000)
  region size 2048K, 20 young (40960K), 3 survivors (6144K)
 Metaspace       used 22911K, committed 23296K, reserved 1114112K
  class space    used 3055K, committed 3264K, reserved 1048576K
}
Event: 1,388 GC heap after
{Heap after GC invocations=5 (full 0):
 garbage-first heap   total 55296K, used 11873K [0x0000000711c00000, 0x0000000800000000)
  region size 2048K, 3 young (6144K), 3 survivors (6144K)
 Metaspace       used 22911K, committed 23296K, reserved 1114112K
  class space    used 3055K, committed 3264K, reserved 1048576K
}
Event: 1,439 GC heap before
{Heap before GC invocations=5 (full 0):
 garbage-first heap   total 55296K, used 38497K [0x0000000711c00000, 0x0000000800000000)
  region size 2048K, 16 young (32768K), 3 survivors (6144K)
 Metaspace       used 24491K, committed 24960K, reserved 1114112K
  class space    used 3303K, committed 3520K, reserved 1048576K
}
Event: 1,443 GC heap after
{Heap after GC invocations=6 (full 0):
 garbage-first heap   total 55296K, used 12237K [0x0000000711c00000, 0x0000000800000000)
  region size 2048K, 2 young (4096K), 2 survivors (4096K)
 Metaspace       used 24491K, committed 24960K, reserved 1114112K
  class space    used 3303K, committed 3520K, reserved 1048576K
}
Event: 1,584 GC heap before
{Heap before GC invocations=6 (full 0):
 garbage-first heap   total 55296K, used 40909K [0x0000000711c00000, 0x0000000800000000)
  region size 2048K, 16 young (32768K), 2 survivors (4096K)
 Metaspace       used 26326K, committed 26816K, reserved 1114112K
  class space    used 3549K, committed 3776K, reserved 1048576K
}
Event: 1,586 GC heap after
{Heap after GC invocations=7 (full 0):
 garbage-first heap   total 151552K, used 13687K [0x0000000711c00000, 0x0000000800000000)
  region size 2048K, 2 young (4096K), 2 survivors (4096K)
 Metaspace       used 26326K, committed 26816K, reserved 1114112K
  class space    used 3549K, committed 3776K, reserved 1048576K
}
Event: 2,234 GC heap before
{Heap before GC invocations=7 (full 0):
 garbage-first heap   total 151552K, used 99703K [0x0000000711c00000, 0x0000000800000000)
  region size 2048K, 44 young (90112K), 2 survivors (4096K)
 Metaspace       used 33459K, committed 34112K, reserved 1114112K
  class space    used 4571K, committed 4864K, reserved 1048576K
}
Event: 2,237 GC heap after
{Heap after GC invocations=8 (full 0):
 garbage-first heap   total 151552K, used 18114K [0x0000000711c00000, 0x0000000800000000)
  region size 2048K, 5 young (10240K), 5 survivors (10240K)
 Metaspace       used 33459K, committed 34112K, reserved 1114112K
  class space    used 4571K, committed 4864K, reserved 1048576K
}
Event: 2,290 GC heap before
{Heap before GC invocations=8 (full 0):
 garbage-first heap   total 151552K, used 24258K [0x0000000711c00000, 0x0000000800000000)
  region size 2048K, 9 young (18432K), 5 survivors (10240K)
 Metaspace       used 33953K, committed 34560K, reserved 1114112K
  class space    used 4641K, committed 4928K, reserved 1048576K
}
Event: 2,293 GC heap after
{Heap after GC invocations=9 (full 0):
 garbage-first heap   total 151552K, used 18679K [0x0000000711c00000, 0x0000000800000000)
  region size 2048K, 4 young (8192K), 4 survivors (8192K)
 Metaspace       used 33953K, committed 34560K, reserved 1114112K
  class space    used 4641K, committed 4928K, reserved 1048576K
}
Event: 261,221 GC heap before
{Heap before GC invocations=10 (full 0):
 garbage-first heap   total 75776K, used 71927K [0x0000000711c00000, 0x0000000800000000)
  region size 2048K, 30 young (61440K), 4 survivors (8192K)
 Metaspace       used 38140K, committed 38848K, reserved 1114112K
  class space    used 5203K, committed 5504K, reserved 1048576K
}
Event: 261,225 GC heap after
{Heap after GC invocations=11 (full 0):
 garbage-first heap   total 86016K, used 19816K [0x0000000711c00000, 0x0000000800000000)
  region size 2048K, 4 young (8192K), 4 survivors (8192K)
 Metaspace       used 38140K, committed 38848K, reserved 1114112K
  class space    used 5203K, committed 5504K, reserved 1048576K
}
Event: 2953,188 GC heap before
{Heap before GC invocations=11 (full 0):
 garbage-first heap   total 86016K, used 62824K [0x0000000711c00000, 0x0000000800000000)
  region size 2048K, 25 young (51200K), 4 survivors (8192K)
 Metaspace       used 39274K, committed 39936K, reserved 1114112K
  class space    used 5351K, committed 5632K, reserved 1048576K
}
Event: 2953,204 GC heap after
{Heap after GC invocations=12 (full 0):
 garbage-first heap   total 86016K, used 20158K [0x0000000711c00000, 0x0000000800000000)
  region size 2048K, 2 young (4096K), 2 survivors (4096K)
 Metaspace       used 39274K, committed 39936K, reserved 1114112K
  class space    used 5351K, committed 5632K, reserved 1048576K
}
Event: 3058,795 GC heap before
{Heap before GC invocations=12 (full 0):
 garbage-first heap   total 86016K, used 30398K [0x0000000711c00000, 0x0000000800000000)
  region size 2048K, 8 young (16384K), 2 survivors (4096K)
 Metaspace       used 40052K, committed 40704K, reserved 1114112K
  class space    used 5543K, committed 5824K, reserved 1048576K
}
Event: 3058,841 GC heap after
{Heap after GC invocations=13 (full 1):
 garbage-first heap   total 69632K, used 14770K [0x0000000711c00000, 0x0000000800000000)
  region size 2048K, 0 young (0K), 0 survivors (0K)
 Metaspace       used 39657K, committed 40704K, reserved 1114112K
  class space    used 5442K, committed 5824K, reserved 1048576K
}

